2025-06-20 15:36:45.086 | INFO     | app:lifespan:86 - Initializing debug interface database...
2025-06-20 15:36:45.088 | INFO     | database:init_db:72 - Database initialized successfully
2025-06-20 15:36:45.089 | INFO     | app:lifespan:88 - Debug interface ready!
2025-06-20 15:37:01.928 | INFO     | app:debug_execute_flow:263 - Debug execution started
2025-06-20 15:37:01.930 | INFO     | debug_engine:debug_walk_section:520 - Debug engine invoked for section SEC_0f962e4d-a932-4958-9352-b54e0ef92be5 | params={'sectionId': 'SEC_0f962e4d-a932-4958-9352-b54e0ef92be5', 'applicationId': 'Appl_123', 'applicantId': 'App001', 'isPrimaryFlow': True}
2025-06-20 15:37:02.172 | INFO     | debug_engine:debug_walk_section:550 - Debug engine response | completed=False question={'questionId': 'Q_AD_First_Name'} nextSection=None debug_steps=2
2025-06-20 15:37:02.184 | INFO     | app:debug_execute_flow:295 - Debug execution completed
2025-06-20 15:37:02.187 | ERROR    | app:global_exception_handler:115 - Unhandled error in debug interface
Traceback (most recent call last):

  File "<string>", line 1, in <module>
  File "C:\Program Files\Python311\Lib\multiprocessing\spawn.py", line 120, in spawn_main
    exitcode = _main(fd, parent_sentinel)
               │     │   └ 344
               │     └ 3
               └ <function _main at 0x000001FED1596480>
  File "C:\Program Files\Python311\Lib\multiprocessing\spawn.py", line 133, in _main
    return self._bootstrap(parent_sentinel)
           │    │          └ 344
           │    └ <function BaseProcess._bootstrap at 0x000001FED106FC40>
           └ <SpawnProcess name='SpawnProcess-1' parent=5076 started>
  File "C:\Program Files\Python311\Lib\multiprocessing\process.py", line 314, in _bootstrap
    self.run()
    │    └ <function BaseProcess.run at 0x000001FED106F1A0>
    └ <SpawnProcess name='SpawnProcess-1' parent=5076 started>
  File "C:\Program Files\Python311\Lib\multiprocessing\process.py", line 108, in run
    self._target(*self._args, **self._kwargs)
    │    │        │    │        │    └ {'config': <uvicorn.config.Config object at 0x000001FED156EBD0>, 'target': <bound method Server.run of <uvicorn.server.Server...
    │    │        │    │        └ <SpawnProcess name='SpawnProcess-1' parent=5076 started>
    │    │        │    └ ()
    │    │        └ <SpawnProcess name='SpawnProcess-1' parent=5076 started>
    │    └ <function subprocess_started at 0x000001FED36F7BA0>
    └ <SpawnProcess name='SpawnProcess-1' parent=5076 started>
  File "C:\Users\vinit\ModelTesting\.venv\Lib\site-packages\uvicorn\_subprocess.py", line 76, in subprocess_started
    target(sockets=sockets)
    │              └ [<socket.socket fd=824, family=2, type=1, proto=6, laddr=('0.0.0.0', 8005)>]
    └ <bound method Server.run of <uvicorn.server.Server object at 0x000001FED384C790>>
  File "C:\Users\vinit\ModelTesting\.venv\Lib\site-packages\uvicorn\server.py", line 61, in run
    return asyncio.run(self.serve(sockets=sockets))
           │       │   │    │             └ [<socket.socket fd=824, family=2, type=1, proto=6, laddr=('0.0.0.0', 8005)>]
           │       │   │    └ <function Server.serve at 0x000001FED36F6C00>
           │       │   └ <uvicorn.server.Server object at 0x000001FED384C790>
           │       └ <function run at 0x000001FED2F06340>
           └ <module 'asyncio' from 'C:\\Program Files\\Python311\\Lib\\asyncio\\__init__.py'>
  File "C:\Program Files\Python311\Lib\asyncio\runners.py", line 190, in run
    return runner.run(main)
           │      │   └ <coroutine object Server.serve at 0x000001FED38508C0>
           │      └ <function Runner.run at 0x000001FED3444680>
           └ <asyncio.runners.Runner object at 0x000001FED156F6D0>
  File "C:\Program Files\Python311\Lib\asyncio\runners.py", line 118, in run
    return self._loop.run_until_complete(task)
           │    │     │                  └ <Task pending name='Task-1' coro=<Server.serve() running at C:\Users\vinit\ModelTesting\.venv\Lib\site-packages\uvicorn\serve...
           │    │     └ <function BaseEventLoop.run_until_complete at 0x000001FED3442200>
           │    └ <_WindowsSelectorEventLoop running=True closed=False debug=False>
           └ <asyncio.runners.Runner object at 0x000001FED156F6D0>
  File "C:\Program Files\Python311\Lib\asyncio\base_events.py", line 637, in run_until_complete
    self.run_forever()
    │    └ <function BaseEventLoop.run_forever at 0x000001FED3442160>
    └ <_WindowsSelectorEventLoop running=True closed=False debug=False>
  File "C:\Program Files\Python311\Lib\asyncio\base_events.py", line 604, in run_forever
    self._run_once()
    │    └ <function BaseEventLoop._run_once at 0x000001FED3443F60>
    └ <_WindowsSelectorEventLoop running=True closed=False debug=False>
  File "C:\Program Files\Python311\Lib\asyncio\base_events.py", line 1909, in _run_once
    handle._run()
    │      └ <function Handle._run at 0x000001FED2EEE520>
    └ <Handle Task.task_wakeup(<Future finished result=None>)>
  File "C:\Program Files\Python311\Lib\asyncio\events.py", line 80, in _run
    self._context.run(self._callback, *self._args)
    │    │            │    │           │    └ <member '_args' of 'Handle' objects>
    │    │            │    │           └ <Handle Task.task_wakeup(<Future finished result=None>)>
    │    │            │    └ <member '_callback' of 'Handle' objects>
    │    │            └ <Handle Task.task_wakeup(<Future finished result=None>)>
    │    └ <member '_context' of 'Handle' objects>
    └ <Handle Task.task_wakeup(<Future finished result=None>)>
  File "C:\Users\vinit\ModelTesting\.venv\Lib\site-packages\uvicorn\protocols\http\httptools_impl.py", line 426, in run_asgi
    result = await app(  # type: ignore[func-returns-value]
                   └ <uvicorn.middleware.proxy_headers.ProxyHeadersMiddleware object at 0x000001FEFA8BD290>
  File "C:\Users\vinit\ModelTesting\.venv\Lib\site-packages\uvicorn\middleware\proxy_headers.py", line 84, in __call__
    return await self.app(scope, receive, send)
                 │    │   │      │        └ <bound method RequestResponseCycle.send of <uvicorn.protocols.http.httptools_impl.RequestResponseCycle object at 0x000001FEFB...
                 │    │   │      └ <bound method RequestResponseCycle.receive of <uvicorn.protocols.http.httptools_impl.RequestResponseCycle object at 0x000001F...
                 │    │   └ {'type': 'http', 'asgi': {'version': '3.0', 'spec_version': '2.3'}, 'http_version': '1.1', 'server': ('127.0.0.1', 8005), 'cl...
                 │    └ <fastapi.applications.FastAPI object at 0x000001FEFB939B50>
                 └ <uvicorn.middleware.proxy_headers.ProxyHeadersMiddleware object at 0x000001FEFA8BD290>
  File "C:\Users\vinit\ModelTesting\.venv\Lib\site-packages\fastapi\applications.py", line 1106, in __call__
    await super().__call__(scope, receive, send)
                           │      │        └ <bound method RequestResponseCycle.send of <uvicorn.protocols.http.httptools_impl.RequestResponseCycle object at 0x000001FEFB...
                           │      └ <bound method RequestResponseCycle.receive of <uvicorn.protocols.http.httptools_impl.RequestResponseCycle object at 0x000001F...
                           └ {'type': 'http', 'asgi': {'version': '3.0', 'spec_version': '2.3'}, 'http_version': '1.1', 'server': ('127.0.0.1', 8005), 'cl...
  File "C:\Users\vinit\ModelTesting\.venv\Lib\site-packages\starlette\applications.py", line 122, in __call__
    await self.middleware_stack(scope, receive, send)
          │    │                │      │        └ <bound method RequestResponseCycle.send of <uvicorn.protocols.http.httptools_impl.RequestResponseCycle object at 0x000001FEFB...
          │    │                │      └ <bound method RequestResponseCycle.receive of <uvicorn.protocols.http.httptools_impl.RequestResponseCycle object at 0x000001F...
          │    │                └ {'type': 'http', 'asgi': {'version': '3.0', 'spec_version': '2.3'}, 'http_version': '1.1', 'server': ('127.0.0.1', 8005), 'cl...
          │    └ <starlette.middleware.errors.ServerErrorMiddleware object at 0x000001FEFA866650>
          └ <fastapi.applications.FastAPI object at 0x000001FEFB939B50>
> File "C:\Users\vinit\ModelTesting\.venv\Lib\site-packages\starlette\middleware\errors.py", line 162, in __call__
    await self.app(scope, receive, _send)
          │    │   │      │        └ <function ServerErrorMiddleware.__call__.<locals>._send at 0x000001FED3827420>
          │    │   │      └ <bound method RequestResponseCycle.receive of <uvicorn.protocols.http.httptools_impl.RequestResponseCycle object at 0x000001F...
          │    │   └ {'type': 'http', 'asgi': {'version': '3.0', 'spec_version': '2.3'}, 'http_version': '1.1', 'server': ('127.0.0.1', 8005), 'cl...
          │    └ <starlette.middleware.cors.CORSMiddleware object at 0x000001FEFB8E54D0>
          └ <starlette.middleware.errors.ServerErrorMiddleware object at 0x000001FEFA866650>
  File "C:\Users\vinit\ModelTesting\.venv\Lib\site-packages\starlette\middleware\cors.py", line 91, in __call__
    await self.simple_response(scope, receive, send, request_headers=headers)
          │    │               │      │        │                     └ Headers({'host': 'localhost:8005', 'connection': 'keep-alive', 'content-length': '170', 'sec-ch-ua-platform': '"Windows"', 'u...
          │    │               │      │        └ <function ServerErrorMiddleware.__call__.<locals>._send at 0x000001FED3827420>
          │    │               │      └ <bound method RequestResponseCycle.receive of <uvicorn.protocols.http.httptools_impl.RequestResponseCycle object at 0x000001F...
          │    │               └ {'type': 'http', 'asgi': {'version': '3.0', 'spec_version': '2.3'}, 'http_version': '1.1', 'server': ('127.0.0.1', 8005), 'cl...
          │    └ <function CORSMiddleware.simple_response at 0x000001FED59204A0>
          └ <starlette.middleware.cors.CORSMiddleware object at 0x000001FEFB8E54D0>
  File "C:\Users\vinit\ModelTesting\.venv\Lib\site-packages\starlette\middleware\cors.py", line 146, in simple_response
    await self.app(scope, receive, send)
          │    │   │      │        └ functools.partial(<bound method CORSMiddleware.send of <starlette.middleware.cors.CORSMiddleware object at 0x000001FEFB8E54D0...
          │    │   │      └ <bound method RequestResponseCycle.receive of <uvicorn.protocols.http.httptools_impl.RequestResponseCycle object at 0x000001F...
          │    │   └ {'type': 'http', 'asgi': {'version': '3.0', 'spec_version': '2.3'}, 'http_version': '1.1', 'server': ('127.0.0.1', 8005), 'cl...
          │    └ <starlette.middleware.exceptions.ExceptionMiddleware object at 0x000001FEFB8DCD10>
          └ <starlette.middleware.cors.CORSMiddleware object at 0x000001FEFB8E54D0>
  File "C:\Users\vinit\ModelTesting\.venv\Lib\site-packages\starlette\middleware\exceptions.py", line 79, in __call__
    raise exc
  File "C:\Users\vinit\ModelTesting\.venv\Lib\site-packages\starlette\middleware\exceptions.py", line 68, in __call__
    await self.app(scope, receive, sender)
          │    │   │      │        └ <function ExceptionMiddleware.__call__.<locals>.sender at 0x000001FEFB9BDA80>
          │    │   │      └ <bound method RequestResponseCycle.receive of <uvicorn.protocols.http.httptools_impl.RequestResponseCycle object at 0x000001F...
          │    │   └ {'type': 'http', 'asgi': {'version': '3.0', 'spec_version': '2.3'}, 'http_version': '1.1', 'server': ('127.0.0.1', 8005), 'cl...
          │    └ <fastapi.middleware.asyncexitstack.AsyncExitStackMiddleware object at 0x000001FEFB8DC650>
          └ <starlette.middleware.exceptions.ExceptionMiddleware object at 0x000001FEFB8DCD10>
  File "C:\Users\vinit\ModelTesting\.venv\Lib\site-packages\fastapi\middleware\asyncexitstack.py", line 20, in __call__
    raise e
  File "C:\Users\vinit\ModelTesting\.venv\Lib\site-packages\fastapi\middleware\asyncexitstack.py", line 17, in __call__
    await self.app(scope, receive, send)
          │    │   │      │        └ <function ExceptionMiddleware.__call__.<locals>.sender at 0x000001FEFB9BDA80>
          │    │   │      └ <bound method RequestResponseCycle.receive of <uvicorn.protocols.http.httptools_impl.RequestResponseCycle object at 0x000001F...
          │    │   └ {'type': 'http', 'asgi': {'version': '3.0', 'spec_version': '2.3'}, 'http_version': '1.1', 'server': ('127.0.0.1', 8005), 'cl...
          │    └ <fastapi.routing.APIRouter object at 0x000001FEFB8DC810>
          └ <fastapi.middleware.asyncexitstack.AsyncExitStackMiddleware object at 0x000001FEFB8DC650>
  File "C:\Users\vinit\ModelTesting\.venv\Lib\site-packages\starlette\routing.py", line 718, in __call__
    await route.handle(scope, receive, send)
          │     │      │      │        └ <function ExceptionMiddleware.__call__.<locals>.sender at 0x000001FEFB9BDA80>
          │     │      │      └ <bound method RequestResponseCycle.receive of <uvicorn.protocols.http.httptools_impl.RequestResponseCycle object at 0x000001F...
          │     │      └ {'type': 'http', 'asgi': {'version': '3.0', 'spec_version': '2.3'}, 'http_version': '1.1', 'server': ('127.0.0.1', 8005), 'cl...
          │     └ <function Route.handle at 0x000001FED58884A0>
          └ APIRoute(path='/api/execute', name='debug_execute_flow', methods=['POST'])
  File "C:\Users\vinit\ModelTesting\.venv\Lib\site-packages\starlette\routing.py", line 276, in handle
    await self.app(scope, receive, send)
          │    │   │      │        └ <function ExceptionMiddleware.__call__.<locals>.sender at 0x000001FEFB9BDA80>
          │    │   │      └ <bound method RequestResponseCycle.receive of <uvicorn.protocols.http.httptools_impl.RequestResponseCycle object at 0x000001F...
          │    │   └ {'type': 'http', 'asgi': {'version': '3.0', 'spec_version': '2.3'}, 'http_version': '1.1', 'server': ('127.0.0.1', 8005), 'cl...
          │    └ <function request_response.<locals>.app at 0x000001FEFB946DE0>
          └ APIRoute(path='/api/execute', name='debug_execute_flow', methods=['POST'])
  File "C:\Users\vinit\ModelTesting\.venv\Lib\site-packages\starlette\routing.py", line 66, in app
    response = await func(request)
                     │    └ <starlette.requests.Request object at 0x000001FEF938EF10>
                     └ <function get_request_handler.<locals>.app at 0x000001FEFB946D40>
  File "C:\Users\vinit\ModelTesting\.venv\Lib\site-packages\fastapi\routing.py", line 292, in app
    content = await serialize_response(
                    └ <function serialize_response at 0x000001FED58525C0>
  File "C:\Users\vinit\ModelTesting\.venv\Lib\site-packages\fastapi\routing.py", line 160, in serialize_response
    return field.serialize(
           │     └ <function ModelField.serialize at 0x000001FED478DD00>
           └ ModelField(field_info=FieldInfo(annotation=DebugExecuteResponse, required=True), name='Response_debug_execute_flow_api_execut...
  File "C:\Users\vinit\ModelTesting\.venv\Lib\site-packages\fastapi\_compat.py", line 147, in serialize
    return self._type_adapter.dump_python(
           │    │             └ <function TypeAdapter.dump_python at 0x000001FED478D760>
           │    └ <pydantic.type_adapter.TypeAdapter object at 0x000001FEFB9491D0>
           └ ModelField(field_info=FieldInfo(annotation=DebugExecuteResponse, required=True), name='Response_debug_execute_flow_api_execut...
  File "C:\Users\vinit\ModelTesting\.venv\Lib\site-packages\pydantic\type_adapter.py", line 314, in dump_python
    return self.serializer.to_python(
           │    │          └ <method 'to_python' of 'pydantic_core._pydantic_core.SchemaSerializer' objects>
           │    └ SchemaSerializer(serializer=Model(
           │          ModelSerializer {
           │              class: Py(
           │                  0x000001fed56582a0,
           │              ),
           │            ...
           └ <pydantic.type_adapter.TypeAdapter object at 0x000001FEFB9491D0>

pydantic_core._pydantic_core.PydanticSerializationError: Unable to serialize unknown type: <class 'neo4j.graph.Node'>
2025-06-20 19:09:37.479 | INFO     | app:debug_execute_flow:263 - Debug execution started
2025-06-20 19:09:37.517 | INFO     | debug_engine:debug_walk_section:520 - Debug engine invoked for section SEC_0f962e4d-a932-4958-9352-b54e0ef92be5 | params={'sectionId': 'SEC_0f962e4d-a932-4958-9352-b54e0ef92be5', 'applicationId': 'Appl_123', 'applicantId': 'App001', 'isPrimaryFlow': True}
2025-06-20 19:09:37.687 | INFO     | debug_engine:debug_walk_section:550 - Debug engine response | completed=False question={'questionId': 'Q_AD_First_Name'} nextSection=None debug_steps=2
2025-06-20 19:09:37.744 | INFO     | app:debug_execute_flow:295 - Debug execution completed
2025-06-20 19:09:37.758 | ERROR    | app:global_exception_handler:115 - Unhandled error in debug interface
Traceback (most recent call last):

  File "<string>", line 1, in <module>
  File "C:\Program Files\Python311\Lib\multiprocessing\spawn.py", line 120, in spawn_main
    exitcode = _main(fd, parent_sentinel)
               │     │   └ 344
               │     └ 3
               └ <function _main at 0x000001FED1596480>
  File "C:\Program Files\Python311\Lib\multiprocessing\spawn.py", line 133, in _main
    return self._bootstrap(parent_sentinel)
           │    │          └ 344
           │    └ <function BaseProcess._bootstrap at 0x000001FED106FC40>
           └ <SpawnProcess name='SpawnProcess-1' parent=5076 started>
  File "C:\Program Files\Python311\Lib\multiprocessing\process.py", line 314, in _bootstrap
    self.run()
    │    └ <function BaseProcess.run at 0x000001FED106F1A0>
    └ <SpawnProcess name='SpawnProcess-1' parent=5076 started>
  File "C:\Program Files\Python311\Lib\multiprocessing\process.py", line 108, in run
    self._target(*self._args, **self._kwargs)
    │    │        │    │        │    └ {'config': <uvicorn.config.Config object at 0x000001FED156EBD0>, 'target': <bound method Server.run of <uvicorn.server.Server...
    │    │        │    │        └ <SpawnProcess name='SpawnProcess-1' parent=5076 started>
    │    │        │    └ ()
    │    │        └ <SpawnProcess name='SpawnProcess-1' parent=5076 started>
    │    └ <function subprocess_started at 0x000001FED36F7BA0>
    └ <SpawnProcess name='SpawnProcess-1' parent=5076 started>
  File "C:\Users\vinit\ModelTesting\.venv\Lib\site-packages\uvicorn\_subprocess.py", line 76, in subprocess_started
    target(sockets=sockets)
    │              └ [<socket.socket fd=824, family=2, type=1, proto=6, laddr=('0.0.0.0', 8005)>]
    └ <bound method Server.run of <uvicorn.server.Server object at 0x000001FED384C790>>
  File "C:\Users\vinit\ModelTesting\.venv\Lib\site-packages\uvicorn\server.py", line 61, in run
    return asyncio.run(self.serve(sockets=sockets))
           │       │   │    │             └ [<socket.socket fd=824, family=2, type=1, proto=6, laddr=('0.0.0.0', 8005)>]
           │       │   │    └ <function Server.serve at 0x000001FED36F6C00>
           │       │   └ <uvicorn.server.Server object at 0x000001FED384C790>
           │       └ <function run at 0x000001FED2F06340>
           └ <module 'asyncio' from 'C:\\Program Files\\Python311\\Lib\\asyncio\\__init__.py'>
  File "C:\Program Files\Python311\Lib\asyncio\runners.py", line 190, in run
    return runner.run(main)
           │      │   └ <coroutine object Server.serve at 0x000001FED38508C0>
           │      └ <function Runner.run at 0x000001FED3444680>
           └ <asyncio.runners.Runner object at 0x000001FED156F6D0>
  File "C:\Program Files\Python311\Lib\asyncio\runners.py", line 118, in run
    return self._loop.run_until_complete(task)
           │    │     │                  └ <Task pending name='Task-1' coro=<Server.serve() running at C:\Users\vinit\ModelTesting\.venv\Lib\site-packages\uvicorn\serve...
           │    │     └ <function BaseEventLoop.run_until_complete at 0x000001FED3442200>
           │    └ <_WindowsSelectorEventLoop running=True closed=False debug=False>
           └ <asyncio.runners.Runner object at 0x000001FED156F6D0>
  File "C:\Program Files\Python311\Lib\asyncio\base_events.py", line 637, in run_until_complete
    self.run_forever()
    │    └ <function BaseEventLoop.run_forever at 0x000001FED3442160>
    └ <_WindowsSelectorEventLoop running=True closed=False debug=False>
  File "C:\Program Files\Python311\Lib\asyncio\base_events.py", line 604, in run_forever
    self._run_once()
    │    └ <function BaseEventLoop._run_once at 0x000001FED3443F60>
    └ <_WindowsSelectorEventLoop running=True closed=False debug=False>
  File "C:\Program Files\Python311\Lib\asyncio\base_events.py", line 1909, in _run_once
    handle._run()
    │      └ <function Handle._run at 0x000001FED2EEE520>
    └ <Handle Task.task_wakeup(<Future finished result=None>)>
  File "C:\Program Files\Python311\Lib\asyncio\events.py", line 80, in _run
    self._context.run(self._callback, *self._args)
    │    │            │    │           │    └ <member '_args' of 'Handle' objects>
    │    │            │    │           └ <Handle Task.task_wakeup(<Future finished result=None>)>
    │    │            │    └ <member '_callback' of 'Handle' objects>
    │    │            └ <Handle Task.task_wakeup(<Future finished result=None>)>
    │    └ <member '_context' of 'Handle' objects>
    └ <Handle Task.task_wakeup(<Future finished result=None>)>
  File "C:\Users\vinit\ModelTesting\.venv\Lib\site-packages\uvicorn\protocols\http\httptools_impl.py", line 426, in run_asgi
    result = await app(  # type: ignore[func-returns-value]
                   └ <uvicorn.middleware.proxy_headers.ProxyHeadersMiddleware object at 0x000001FEFA8BD290>
  File "C:\Users\vinit\ModelTesting\.venv\Lib\site-packages\uvicorn\middleware\proxy_headers.py", line 84, in __call__
    return await self.app(scope, receive, send)
                 │    │   │      │        └ <bound method RequestResponseCycle.send of <uvicorn.protocols.http.httptools_impl.RequestResponseCycle object at 0x000001FEFB...
                 │    │   │      └ <bound method RequestResponseCycle.receive of <uvicorn.protocols.http.httptools_impl.RequestResponseCycle object at 0x000001F...
                 │    │   └ {'type': 'http', 'asgi': {'version': '3.0', 'spec_version': '2.3'}, 'http_version': '1.1', 'server': ('127.0.0.1', 8005), 'cl...
                 │    └ <fastapi.applications.FastAPI object at 0x000001FEFB939B50>
                 └ <uvicorn.middleware.proxy_headers.ProxyHeadersMiddleware object at 0x000001FEFA8BD290>
  File "C:\Users\vinit\ModelTesting\.venv\Lib\site-packages\fastapi\applications.py", line 1106, in __call__
    await super().__call__(scope, receive, send)
                           │      │        └ <bound method RequestResponseCycle.send of <uvicorn.protocols.http.httptools_impl.RequestResponseCycle object at 0x000001FEFB...
                           │      └ <bound method RequestResponseCycle.receive of <uvicorn.protocols.http.httptools_impl.RequestResponseCycle object at 0x000001F...
                           └ {'type': 'http', 'asgi': {'version': '3.0', 'spec_version': '2.3'}, 'http_version': '1.1', 'server': ('127.0.0.1', 8005), 'cl...
  File "C:\Users\vinit\ModelTesting\.venv\Lib\site-packages\starlette\applications.py", line 122, in __call__
    await self.middleware_stack(scope, receive, send)
          │    │                │      │        └ <bound method RequestResponseCycle.send of <uvicorn.protocols.http.httptools_impl.RequestResponseCycle object at 0x000001FEFB...
          │    │                │      └ <bound method RequestResponseCycle.receive of <uvicorn.protocols.http.httptools_impl.RequestResponseCycle object at 0x000001F...
          │    │                └ {'type': 'http', 'asgi': {'version': '3.0', 'spec_version': '2.3'}, 'http_version': '1.1', 'server': ('127.0.0.1', 8005), 'cl...
          │    └ <starlette.middleware.errors.ServerErrorMiddleware object at 0x000001FEFA866650>
          └ <fastapi.applications.FastAPI object at 0x000001FEFB939B50>
> File "C:\Users\vinit\ModelTesting\.venv\Lib\site-packages\starlette\middleware\errors.py", line 162, in __call__
    await self.app(scope, receive, _send)
          │    │   │      │        └ <function ServerErrorMiddleware.__call__.<locals>._send at 0x000001FED3827240>
          │    │   │      └ <bound method RequestResponseCycle.receive of <uvicorn.protocols.http.httptools_impl.RequestResponseCycle object at 0x000001F...
          │    │   └ {'type': 'http', 'asgi': {'version': '3.0', 'spec_version': '2.3'}, 'http_version': '1.1', 'server': ('127.0.0.1', 8005), 'cl...
          │    └ <starlette.middleware.cors.CORSMiddleware object at 0x000001FEFB8E54D0>
          └ <starlette.middleware.errors.ServerErrorMiddleware object at 0x000001FEFA866650>
  File "C:\Users\vinit\ModelTesting\.venv\Lib\site-packages\starlette\middleware\cors.py", line 91, in __call__
    await self.simple_response(scope, receive, send, request_headers=headers)
          │    │               │      │        │                     └ Headers({'host': 'localhost:8005', 'connection': 'keep-alive', 'content-length': '170', 'sec-ch-ua-platform': '"Windows"', 'u...
          │    │               │      │        └ <function ServerErrorMiddleware.__call__.<locals>._send at 0x000001FED3827240>
          │    │               │      └ <bound method RequestResponseCycle.receive of <uvicorn.protocols.http.httptools_impl.RequestResponseCycle object at 0x000001F...
          │    │               └ {'type': 'http', 'asgi': {'version': '3.0', 'spec_version': '2.3'}, 'http_version': '1.1', 'server': ('127.0.0.1', 8005), 'cl...
          │    └ <function CORSMiddleware.simple_response at 0x000001FED59204A0>
          └ <starlette.middleware.cors.CORSMiddleware object at 0x000001FEFB8E54D0>
  File "C:\Users\vinit\ModelTesting\.venv\Lib\site-packages\starlette\middleware\cors.py", line 146, in simple_response
    await self.app(scope, receive, send)
          │    │   │      │        └ functools.partial(<bound method CORSMiddleware.send of <starlette.middleware.cors.CORSMiddleware object at 0x000001FEFB8E54D0...
          │    │   │      └ <bound method RequestResponseCycle.receive of <uvicorn.protocols.http.httptools_impl.RequestResponseCycle object at 0x000001F...
          │    │   └ {'type': 'http', 'asgi': {'version': '3.0', 'spec_version': '2.3'}, 'http_version': '1.1', 'server': ('127.0.0.1', 8005), 'cl...
          │    └ <starlette.middleware.exceptions.ExceptionMiddleware object at 0x000001FEFB8DCD10>
          └ <starlette.middleware.cors.CORSMiddleware object at 0x000001FEFB8E54D0>
  File "C:\Users\vinit\ModelTesting\.venv\Lib\site-packages\starlette\middleware\exceptions.py", line 79, in __call__
    raise exc
  File "C:\Users\vinit\ModelTesting\.venv\Lib\site-packages\starlette\middleware\exceptions.py", line 68, in __call__
    await self.app(scope, receive, sender)
          │    │   │      │        └ <function ExceptionMiddleware.__call__.<locals>.sender at 0x000001FEFBE6CF40>
          │    │   │      └ <bound method RequestResponseCycle.receive of <uvicorn.protocols.http.httptools_impl.RequestResponseCycle object at 0x000001F...
          │    │   └ {'type': 'http', 'asgi': {'version': '3.0', 'spec_version': '2.3'}, 'http_version': '1.1', 'server': ('127.0.0.1', 8005), 'cl...
          │    └ <fastapi.middleware.asyncexitstack.AsyncExitStackMiddleware object at 0x000001FEFB8DC650>
          └ <starlette.middleware.exceptions.ExceptionMiddleware object at 0x000001FEFB8DCD10>
  File "C:\Users\vinit\ModelTesting\.venv\Lib\site-packages\fastapi\middleware\asyncexitstack.py", line 20, in __call__
    raise e
  File "C:\Users\vinit\ModelTesting\.venv\Lib\site-packages\fastapi\middleware\asyncexitstack.py", line 17, in __call__
    await self.app(scope, receive, send)
          │    │   │      │        └ <function ExceptionMiddleware.__call__.<locals>.sender at 0x000001FEFBE6CF40>
          │    │   │      └ <bound method RequestResponseCycle.receive of <uvicorn.protocols.http.httptools_impl.RequestResponseCycle object at 0x000001F...
          │    │   └ {'type': 'http', 'asgi': {'version': '3.0', 'spec_version': '2.3'}, 'http_version': '1.1', 'server': ('127.0.0.1', 8005), 'cl...
          │    └ <fastapi.routing.APIRouter object at 0x000001FEFB8DC810>
          └ <fastapi.middleware.asyncexitstack.AsyncExitStackMiddleware object at 0x000001FEFB8DC650>
  File "C:\Users\vinit\ModelTesting\.venv\Lib\site-packages\starlette\routing.py", line 718, in __call__
    await route.handle(scope, receive, send)
          │     │      │      │        └ <function ExceptionMiddleware.__call__.<locals>.sender at 0x000001FEFBE6CF40>
          │     │      │      └ <bound method RequestResponseCycle.receive of <uvicorn.protocols.http.httptools_impl.RequestResponseCycle object at 0x000001F...
          │     │      └ {'type': 'http', 'asgi': {'version': '3.0', 'spec_version': '2.3'}, 'http_version': '1.1', 'server': ('127.0.0.1', 8005), 'cl...
          │     └ <function Route.handle at 0x000001FED58884A0>
          └ APIRoute(path='/api/execute', name='debug_execute_flow', methods=['POST'])
  File "C:\Users\vinit\ModelTesting\.venv\Lib\site-packages\starlette\routing.py", line 276, in handle
    await self.app(scope, receive, send)
          │    │   │      │        └ <function ExceptionMiddleware.__call__.<locals>.sender at 0x000001FEFBE6CF40>
          │    │   │      └ <bound method RequestResponseCycle.receive of <uvicorn.protocols.http.httptools_impl.RequestResponseCycle object at 0x000001F...
          │    │   └ {'type': 'http', 'asgi': {'version': '3.0', 'spec_version': '2.3'}, 'http_version': '1.1', 'server': ('127.0.0.1', 8005), 'cl...
          │    └ <function request_response.<locals>.app at 0x000001FEFB946DE0>
          └ APIRoute(path='/api/execute', name='debug_execute_flow', methods=['POST'])
  File "C:\Users\vinit\ModelTesting\.venv\Lib\site-packages\starlette\routing.py", line 66, in app
    response = await func(request)
                     │    └ <starlette.requests.Request object at 0x000001FEFBE5ED90>
                     └ <function get_request_handler.<locals>.app at 0x000001FEFB946D40>
  File "C:\Users\vinit\ModelTesting\.venv\Lib\site-packages\fastapi\routing.py", line 292, in app
    content = await serialize_response(
                    └ <function serialize_response at 0x000001FED58525C0>
  File "C:\Users\vinit\ModelTesting\.venv\Lib\site-packages\fastapi\routing.py", line 160, in serialize_response
    return field.serialize(
           │     └ <function ModelField.serialize at 0x000001FED478DD00>
           └ ModelField(field_info=FieldInfo(annotation=DebugExecuteResponse, required=True), name='Response_debug_execute_flow_api_execut...
  File "C:\Users\vinit\ModelTesting\.venv\Lib\site-packages\fastapi\_compat.py", line 147, in serialize
    return self._type_adapter.dump_python(
           │    │             └ <function TypeAdapter.dump_python at 0x000001FED478D760>
           │    └ <pydantic.type_adapter.TypeAdapter object at 0x000001FEFB9491D0>
           └ ModelField(field_info=FieldInfo(annotation=DebugExecuteResponse, required=True), name='Response_debug_execute_flow_api_execut...
  File "C:\Users\vinit\ModelTesting\.venv\Lib\site-packages\pydantic\type_adapter.py", line 314, in dump_python
    return self.serializer.to_python(
           │    │          └ <method 'to_python' of 'pydantic_core._pydantic_core.SchemaSerializer' objects>
           │    └ SchemaSerializer(serializer=Model(
           │          ModelSerializer {
           │              class: Py(
           │                  0x000001fed56582a0,
           │              ),
           │            ...
           └ <pydantic.type_adapter.TypeAdapter object at 0x000001FEFB9491D0>

pydantic_core._pydantic_core.PydanticSerializationError: Unable to serialize unknown type: <class 'neo4j.graph.Node'>
2025-06-20 19:15:24.070 | INFO     | app:debug_execute_flow:263 - Debug execution started
2025-06-20 19:15:24.077 | INFO     | debug_engine:debug_walk_section:520 - Debug engine invoked for section SEC_0f962e4d-a932-4958-9352-b54e0ef92be5 | params={'sectionId': 'SEC_0f962e4d-a932-4958-9352-b54e0ef92be5', 'applicationId': 'Appl_123', 'applicantId': 'App001', 'isPrimaryFlow': True}
2025-06-20 19:15:24.174 | INFO     | debug_engine:debug_walk_section:550 - Debug engine response | completed=False question={'questionId': 'Q_AD_First_Name'} nextSection=None debug_steps=2
2025-06-20 19:15:24.208 | INFO     | app:debug_execute_flow:295 - Debug execution completed
2025-06-20 19:15:24.211 | ERROR    | app:global_exception_handler:115 - Unhandled error in debug interface
Traceback (most recent call last):

  File "<string>", line 1, in <module>
  File "C:\Program Files\Python311\Lib\multiprocessing\spawn.py", line 120, in spawn_main
    exitcode = _main(fd, parent_sentinel)
               │     │   └ 344
               │     └ 3
               └ <function _main at 0x000001FED1596480>
  File "C:\Program Files\Python311\Lib\multiprocessing\spawn.py", line 133, in _main
    return self._bootstrap(parent_sentinel)
           │    │          └ 344
           │    └ <function BaseProcess._bootstrap at 0x000001FED106FC40>
           └ <SpawnProcess name='SpawnProcess-1' parent=5076 started>
  File "C:\Program Files\Python311\Lib\multiprocessing\process.py", line 314, in _bootstrap
    self.run()
    │    └ <function BaseProcess.run at 0x000001FED106F1A0>
    └ <SpawnProcess name='SpawnProcess-1' parent=5076 started>
  File "C:\Program Files\Python311\Lib\multiprocessing\process.py", line 108, in run
    self._target(*self._args, **self._kwargs)
    │    │        │    │        │    └ {'config': <uvicorn.config.Config object at 0x000001FED156EBD0>, 'target': <bound method Server.run of <uvicorn.server.Server...
    │    │        │    │        └ <SpawnProcess name='SpawnProcess-1' parent=5076 started>
    │    │        │    └ ()
    │    │        └ <SpawnProcess name='SpawnProcess-1' parent=5076 started>
    │    └ <function subprocess_started at 0x000001FED36F7BA0>
    └ <SpawnProcess name='SpawnProcess-1' parent=5076 started>
  File "C:\Users\vinit\ModelTesting\.venv\Lib\site-packages\uvicorn\_subprocess.py", line 76, in subprocess_started
    target(sockets=sockets)
    │              └ [<socket.socket fd=824, family=2, type=1, proto=6, laddr=('0.0.0.0', 8005)>]
    └ <bound method Server.run of <uvicorn.server.Server object at 0x000001FED384C790>>
  File "C:\Users\vinit\ModelTesting\.venv\Lib\site-packages\uvicorn\server.py", line 61, in run
    return asyncio.run(self.serve(sockets=sockets))
           │       │   │    │             └ [<socket.socket fd=824, family=2, type=1, proto=6, laddr=('0.0.0.0', 8005)>]
           │       │   │    └ <function Server.serve at 0x000001FED36F6C00>
           │       │   └ <uvicorn.server.Server object at 0x000001FED384C790>
           │       └ <function run at 0x000001FED2F06340>
           └ <module 'asyncio' from 'C:\\Program Files\\Python311\\Lib\\asyncio\\__init__.py'>
  File "C:\Program Files\Python311\Lib\asyncio\runners.py", line 190, in run
    return runner.run(main)
           │      │   └ <coroutine object Server.serve at 0x000001FED38508C0>
           │      └ <function Runner.run at 0x000001FED3444680>
           └ <asyncio.runners.Runner object at 0x000001FED156F6D0>
  File "C:\Program Files\Python311\Lib\asyncio\runners.py", line 118, in run
    return self._loop.run_until_complete(task)
           │    │     │                  └ <Task pending name='Task-1' coro=<Server.serve() running at C:\Users\vinit\ModelTesting\.venv\Lib\site-packages\uvicorn\serve...
           │    │     └ <function BaseEventLoop.run_until_complete at 0x000001FED3442200>
           │    └ <_WindowsSelectorEventLoop running=True closed=False debug=False>
           └ <asyncio.runners.Runner object at 0x000001FED156F6D0>
  File "C:\Program Files\Python311\Lib\asyncio\base_events.py", line 637, in run_until_complete
    self.run_forever()
    │    └ <function BaseEventLoop.run_forever at 0x000001FED3442160>
    └ <_WindowsSelectorEventLoop running=True closed=False debug=False>
  File "C:\Program Files\Python311\Lib\asyncio\base_events.py", line 604, in run_forever
    self._run_once()
    │    └ <function BaseEventLoop._run_once at 0x000001FED3443F60>
    └ <_WindowsSelectorEventLoop running=True closed=False debug=False>
  File "C:\Program Files\Python311\Lib\asyncio\base_events.py", line 1909, in _run_once
    handle._run()
    │      └ <function Handle._run at 0x000001FED2EEE520>
    └ <Handle Task.task_wakeup(<Future finished result=None>)>
  File "C:\Program Files\Python311\Lib\asyncio\events.py", line 80, in _run
    self._context.run(self._callback, *self._args)
    │    │            │    │           │    └ <member '_args' of 'Handle' objects>
    │    │            │    │           └ <Handle Task.task_wakeup(<Future finished result=None>)>
    │    │            │    └ <member '_callback' of 'Handle' objects>
    │    │            └ <Handle Task.task_wakeup(<Future finished result=None>)>
    │    └ <member '_context' of 'Handle' objects>
    └ <Handle Task.task_wakeup(<Future finished result=None>)>
  File "C:\Users\vinit\ModelTesting\.venv\Lib\site-packages\uvicorn\protocols\http\httptools_impl.py", line 426, in run_asgi
    result = await app(  # type: ignore[func-returns-value]
                   └ <uvicorn.middleware.proxy_headers.ProxyHeadersMiddleware object at 0x000001FEFA8BD290>
  File "C:\Users\vinit\ModelTesting\.venv\Lib\site-packages\uvicorn\middleware\proxy_headers.py", line 84, in __call__
    return await self.app(scope, receive, send)
                 │    │   │      │        └ <bound method RequestResponseCycle.send of <uvicorn.protocols.http.httptools_impl.RequestResponseCycle object at 0x000001FEFB...
                 │    │   │      └ <bound method RequestResponseCycle.receive of <uvicorn.protocols.http.httptools_impl.RequestResponseCycle object at 0x000001F...
                 │    │   └ {'type': 'http', 'asgi': {'version': '3.0', 'spec_version': '2.3'}, 'http_version': '1.1', 'server': ('127.0.0.1', 8005), 'cl...
                 │    └ <fastapi.applications.FastAPI object at 0x000001FEFB939B50>
                 └ <uvicorn.middleware.proxy_headers.ProxyHeadersMiddleware object at 0x000001FEFA8BD290>
  File "C:\Users\vinit\ModelTesting\.venv\Lib\site-packages\fastapi\applications.py", line 1106, in __call__
    await super().__call__(scope, receive, send)
                           │      │        └ <bound method RequestResponseCycle.send of <uvicorn.protocols.http.httptools_impl.RequestResponseCycle object at 0x000001FEFB...
                           │      └ <bound method RequestResponseCycle.receive of <uvicorn.protocols.http.httptools_impl.RequestResponseCycle object at 0x000001F...
                           └ {'type': 'http', 'asgi': {'version': '3.0', 'spec_version': '2.3'}, 'http_version': '1.1', 'server': ('127.0.0.1', 8005), 'cl...
  File "C:\Users\vinit\ModelTesting\.venv\Lib\site-packages\starlette\applications.py", line 122, in __call__
    await self.middleware_stack(scope, receive, send)
          │    │                │      │        └ <bound method RequestResponseCycle.send of <uvicorn.protocols.http.httptools_impl.RequestResponseCycle object at 0x000001FEFB...
          │    │                │      └ <bound method RequestResponseCycle.receive of <uvicorn.protocols.http.httptools_impl.RequestResponseCycle object at 0x000001F...
          │    │                └ {'type': 'http', 'asgi': {'version': '3.0', 'spec_version': '2.3'}, 'http_version': '1.1', 'server': ('127.0.0.1', 8005), 'cl...
          │    └ <starlette.middleware.errors.ServerErrorMiddleware object at 0x000001FEFA866650>
          └ <fastapi.applications.FastAPI object at 0x000001FEFB939B50>
> File "C:\Users\vinit\ModelTesting\.venv\Lib\site-packages\starlette\middleware\errors.py", line 162, in __call__
    await self.app(scope, receive, _send)
          │    │   │      │        └ <function ServerErrorMiddleware.__call__.<locals>._send at 0x000001FEFB9BEA20>
          │    │   │      └ <bound method RequestResponseCycle.receive of <uvicorn.protocols.http.httptools_impl.RequestResponseCycle object at 0x000001F...
          │    │   └ {'type': 'http', 'asgi': {'version': '3.0', 'spec_version': '2.3'}, 'http_version': '1.1', 'server': ('127.0.0.1', 8005), 'cl...
          │    └ <starlette.middleware.cors.CORSMiddleware object at 0x000001FEFB8E54D0>
          └ <starlette.middleware.errors.ServerErrorMiddleware object at 0x000001FEFA866650>
  File "C:\Users\vinit\ModelTesting\.venv\Lib\site-packages\starlette\middleware\cors.py", line 91, in __call__
    await self.simple_response(scope, receive, send, request_headers=headers)
          │    │               │      │        │                     └ Headers({'host': 'localhost:8005', 'connection': 'keep-alive', 'content-length': '170', 'sec-ch-ua-platform': '"Windows"', 'u...
          │    │               │      │        └ <function ServerErrorMiddleware.__call__.<locals>._send at 0x000001FEFB9BEA20>
          │    │               │      └ <bound method RequestResponseCycle.receive of <uvicorn.protocols.http.httptools_impl.RequestResponseCycle object at 0x000001F...
          │    │               └ {'type': 'http', 'asgi': {'version': '3.0', 'spec_version': '2.3'}, 'http_version': '1.1', 'server': ('127.0.0.1', 8005), 'cl...
          │    └ <function CORSMiddleware.simple_response at 0x000001FED59204A0>
          └ <starlette.middleware.cors.CORSMiddleware object at 0x000001FEFB8E54D0>
  File "C:\Users\vinit\ModelTesting\.venv\Lib\site-packages\starlette\middleware\cors.py", line 146, in simple_response
    await self.app(scope, receive, send)
          │    │   │      │        └ functools.partial(<bound method CORSMiddleware.send of <starlette.middleware.cors.CORSMiddleware object at 0x000001FEFB8E54D0...
          │    │   │      └ <bound method RequestResponseCycle.receive of <uvicorn.protocols.http.httptools_impl.RequestResponseCycle object at 0x000001F...
          │    │   └ {'type': 'http', 'asgi': {'version': '3.0', 'spec_version': '2.3'}, 'http_version': '1.1', 'server': ('127.0.0.1', 8005), 'cl...
          │    └ <starlette.middleware.exceptions.ExceptionMiddleware object at 0x000001FEFB8DCD10>
          └ <starlette.middleware.cors.CORSMiddleware object at 0x000001FEFB8E54D0>
  File "C:\Users\vinit\ModelTesting\.venv\Lib\site-packages\starlette\middleware\exceptions.py", line 79, in __call__
    raise exc
  File "C:\Users\vinit\ModelTesting\.venv\Lib\site-packages\starlette\middleware\exceptions.py", line 68, in __call__
    await self.app(scope, receive, sender)
          │    │   │      │        └ <function ExceptionMiddleware.__call__.<locals>.sender at 0x000001FEFB945760>
          │    │   │      └ <bound method RequestResponseCycle.receive of <uvicorn.protocols.http.httptools_impl.RequestResponseCycle object at 0x000001F...
          │    │   └ {'type': 'http', 'asgi': {'version': '3.0', 'spec_version': '2.3'}, 'http_version': '1.1', 'server': ('127.0.0.1', 8005), 'cl...
          │    └ <fastapi.middleware.asyncexitstack.AsyncExitStackMiddleware object at 0x000001FEFB8DC650>
          └ <starlette.middleware.exceptions.ExceptionMiddleware object at 0x000001FEFB8DCD10>
  File "C:\Users\vinit\ModelTesting\.venv\Lib\site-packages\fastapi\middleware\asyncexitstack.py", line 20, in __call__
    raise e
  File "C:\Users\vinit\ModelTesting\.venv\Lib\site-packages\fastapi\middleware\asyncexitstack.py", line 17, in __call__
    await self.app(scope, receive, send)
          │    │   │      │        └ <function ExceptionMiddleware.__call__.<locals>.sender at 0x000001FEFB945760>
          │    │   │      └ <bound method RequestResponseCycle.receive of <uvicorn.protocols.http.httptools_impl.RequestResponseCycle object at 0x000001F...
          │    │   └ {'type': 'http', 'asgi': {'version': '3.0', 'spec_version': '2.3'}, 'http_version': '1.1', 'server': ('127.0.0.1', 8005), 'cl...
          │    └ <fastapi.routing.APIRouter object at 0x000001FEFB8DC810>
          └ <fastapi.middleware.asyncexitstack.AsyncExitStackMiddleware object at 0x000001FEFB8DC650>
  File "C:\Users\vinit\ModelTesting\.venv\Lib\site-packages\starlette\routing.py", line 718, in __call__
    await route.handle(scope, receive, send)
          │     │      │      │        └ <function ExceptionMiddleware.__call__.<locals>.sender at 0x000001FEFB945760>
          │     │      │      └ <bound method RequestResponseCycle.receive of <uvicorn.protocols.http.httptools_impl.RequestResponseCycle object at 0x000001F...
          │     │      └ {'type': 'http', 'asgi': {'version': '3.0', 'spec_version': '2.3'}, 'http_version': '1.1', 'server': ('127.0.0.1', 8005), 'cl...
          │     └ <function Route.handle at 0x000001FED58884A0>
          └ APIRoute(path='/api/execute', name='debug_execute_flow', methods=['POST'])
  File "C:\Users\vinit\ModelTesting\.venv\Lib\site-packages\starlette\routing.py", line 276, in handle
    await self.app(scope, receive, send)
          │    │   │      │        └ <function ExceptionMiddleware.__call__.<locals>.sender at 0x000001FEFB945760>
          │    │   │      └ <bound method RequestResponseCycle.receive of <uvicorn.protocols.http.httptools_impl.RequestResponseCycle object at 0x000001F...
          │    │   └ {'type': 'http', 'asgi': {'version': '3.0', 'spec_version': '2.3'}, 'http_version': '1.1', 'server': ('127.0.0.1', 8005), 'cl...
          │    └ <function request_response.<locals>.app at 0x000001FEFB946DE0>
          └ APIRoute(path='/api/execute', name='debug_execute_flow', methods=['POST'])
  File "C:\Users\vinit\ModelTesting\.venv\Lib\site-packages\starlette\routing.py", line 66, in app
    response = await func(request)
                     │    └ <starlette.requests.Request object at 0x000001FEFBE81BD0>
                     └ <function get_request_handler.<locals>.app at 0x000001FEFB946D40>
  File "C:\Users\vinit\ModelTesting\.venv\Lib\site-packages\fastapi\routing.py", line 292, in app
    content = await serialize_response(
                    └ <function serialize_response at 0x000001FED58525C0>
  File "C:\Users\vinit\ModelTesting\.venv\Lib\site-packages\fastapi\routing.py", line 160, in serialize_response
    return field.serialize(
           │     └ <function ModelField.serialize at 0x000001FED478DD00>
           └ ModelField(field_info=FieldInfo(annotation=DebugExecuteResponse, required=True), name='Response_debug_execute_flow_api_execut...
  File "C:\Users\vinit\ModelTesting\.venv\Lib\site-packages\fastapi\_compat.py", line 147, in serialize
    return self._type_adapter.dump_python(
           │    │             └ <function TypeAdapter.dump_python at 0x000001FED478D760>
           │    └ <pydantic.type_adapter.TypeAdapter object at 0x000001FEFB9491D0>
           └ ModelField(field_info=FieldInfo(annotation=DebugExecuteResponse, required=True), name='Response_debug_execute_flow_api_execut...
  File "C:\Users\vinit\ModelTesting\.venv\Lib\site-packages\pydantic\type_adapter.py", line 314, in dump_python
    return self.serializer.to_python(
           │    │          └ <method 'to_python' of 'pydantic_core._pydantic_core.SchemaSerializer' objects>
           │    └ SchemaSerializer(serializer=Model(
           │          ModelSerializer {
           │              class: Py(
           │                  0x000001fed56582a0,
           │              ),
           │            ...
           └ <pydantic.type_adapter.TypeAdapter object at 0x000001FEFB9491D0>

pydantic_core._pydantic_core.PydanticSerializationError: Unable to serialize unknown type: <class 'neo4j.graph.Node'>
2025-06-20 19:19:51.232 | INFO     | app:lifespan:91 - Debug interface shutting down...
