2025-06-20 15:32:48.703 | INFO     | app:lifespan:86 - Initializing debug interface database...
2025-06-20 15:32:48.709 | INFO     | database:init_db:68 - Database initialized successfully
2025-06-20 15:32:48.710 | INFO     | app:lifespan:88 - Debug interface ready!
2025-06-20 15:33:07.196 | INFO     | app:debug_execute_flow:263 - Debug execution started
2025-06-20 15:33:07.197 | INFO     | debug_engine:debug_walk_section:520 - Debug engine invoked for section SEC_0f962e4d-a932-4958-9352-b54e0ef92be5 | params={'sectionId': 'SEC_0f962e4d-a932-4958-9352-b54e0ef92be5', 'applicationId': 'Appl_123', 'applicantId': 'App001', 'isPrimaryFlow': True}
2025-06-20 15:33:07.269 | INFO     | debug_engine:debug_walk_section:550 - Debug engine response | completed=False question={'questionId': 'Q_AD_First_Name'} nextSection=None debug_steps=2
2025-06-20 15:33:07.283 | ERROR    | app:debug_execute_flow:324 - Debug execution failed
Traceback (most recent call last):

  File "<string>", line 1, in <module>
  File "C:\Program Files\Python311\Lib\multiprocessing\spawn.py", line 120, in spawn_main
    exitcode = _main(fd, parent_sentinel)
               │     │   └ 348
               │     └ 3
               └ <function _main at 0x000001A442F06480>
  File "C:\Program Files\Python311\Lib\multiprocessing\spawn.py", line 133, in _main
    return self._bootstrap(parent_sentinel)
           │    │          └ 348
           │    └ <function BaseProcess._bootstrap at 0x000001A4429DFC40>
           └ <SpawnProcess name='SpawnProcess-1' parent=52452 started>
  File "C:\Program Files\Python311\Lib\multiprocessing\process.py", line 314, in _bootstrap
    self.run()
    │    └ <function BaseProcess.run at 0x000001A4429DF1A0>
    └ <SpawnProcess name='SpawnProcess-1' parent=52452 started>
  File "C:\Program Files\Python311\Lib\multiprocessing\process.py", line 108, in run
    self._target(*self._args, **self._kwargs)
    │    │        │    │        │    └ {'config': <uvicorn.config.Config object at 0x000001A442EDEC10>, 'target': <bound method Server.run of <uvicorn.server.Server...
    │    │        │    │        └ <SpawnProcess name='SpawnProcess-1' parent=52452 started>
    │    │        │    └ ()
    │    │        └ <SpawnProcess name='SpawnProcess-1' parent=52452 started>
    │    └ <function subprocess_started at 0x000001A445087BA0>
    └ <SpawnProcess name='SpawnProcess-1' parent=52452 started>
  File "C:\Users\vinit\ModelTesting\.venv\Lib\site-packages\uvicorn\_subprocess.py", line 76, in subprocess_started
    target(sockets=sockets)
    │              └ [<socket.socket fd=796, family=2, type=1, proto=6, laddr=('0.0.0.0', 8005)>]
    └ <bound method Server.run of <uvicorn.server.Server object at 0x000001A4451DC810>>
  File "C:\Users\vinit\ModelTesting\.venv\Lib\site-packages\uvicorn\server.py", line 61, in run
    return asyncio.run(self.serve(sockets=sockets))
           │       │   │    │             └ [<socket.socket fd=796, family=2, type=1, proto=6, laddr=('0.0.0.0', 8005)>]
           │       │   │    └ <function Server.serve at 0x000001A445086C00>
           │       │   └ <uvicorn.server.Server object at 0x000001A4451DC810>
           │       └ <function run at 0x000001A44492A340>
           └ <module 'asyncio' from 'C:\\Program Files\\Python311\\Lib\\asyncio\\__init__.py'>
  File "C:\Program Files\Python311\Lib\asyncio\runners.py", line 190, in run
    return runner.run(main)
           │      │   └ <coroutine object Server.serve at 0x000001A4451E08C0>
           │      └ <function Runner.run at 0x000001A4449D4680>
           └ <asyncio.runners.Runner object at 0x000001A4450444D0>
  File "C:\Program Files\Python311\Lib\asyncio\runners.py", line 118, in run
    return self._loop.run_until_complete(task)
           │    │     │                  └ <Task pending name='Task-1' coro=<Server.serve() running at C:\Users\vinit\ModelTesting\.venv\Lib\site-packages\uvicorn\serve...
           │    │     └ <function BaseEventLoop.run_until_complete at 0x000001A4449D2200>
           │    └ <_WindowsSelectorEventLoop running=True closed=False debug=False>
           └ <asyncio.runners.Runner object at 0x000001A4450444D0>
  File "C:\Program Files\Python311\Lib\asyncio\base_events.py", line 637, in run_until_complete
    self.run_forever()
    │    └ <function BaseEventLoop.run_forever at 0x000001A4449D2160>
    └ <_WindowsSelectorEventLoop running=True closed=False debug=False>
  File "C:\Program Files\Python311\Lib\asyncio\base_events.py", line 604, in run_forever
    self._run_once()
    │    └ <function BaseEventLoop._run_once at 0x000001A4449D3F60>
    └ <_WindowsSelectorEventLoop running=True closed=False debug=False>
  File "C:\Program Files\Python311\Lib\asyncio\base_events.py", line 1909, in _run_once
    handle._run()
    │      └ <function Handle._run at 0x000001A44490E520>
    └ <Handle Task.task_wakeup(<Future finished result=None>)>
  File "C:\Program Files\Python311\Lib\asyncio\events.py", line 80, in _run
    self._context.run(self._callback, *self._args)
    │    │            │    │           │    └ <member '_args' of 'Handle' objects>
    │    │            │    │           └ <Handle Task.task_wakeup(<Future finished result=None>)>
    │    │            │    └ <member '_callback' of 'Handle' objects>
    │    │            └ <Handle Task.task_wakeup(<Future finished result=None>)>
    │    └ <member '_context' of 'Handle' objects>
    └ <Handle Task.task_wakeup(<Future finished result=None>)>
  File "C:\Users\vinit\ModelTesting\.venv\Lib\site-packages\uvicorn\protocols\http\httptools_impl.py", line 426, in run_asgi
    result = await app(  # type: ignore[func-returns-value]
                   └ <uvicorn.middleware.proxy_headers.ProxyHeadersMiddleware object at 0x000001A4451DCF10>
  File "C:\Users\vinit\ModelTesting\.venv\Lib\site-packages\uvicorn\middleware\proxy_headers.py", line 84, in __call__
    return await self.app(scope, receive, send)
                 │    │   │      │        └ <bound method RequestResponseCycle.send of <uvicorn.protocols.http.httptools_impl.RequestResponseCycle object at 0x000001A46D...
                 │    │   │      └ <bound method RequestResponseCycle.receive of <uvicorn.protocols.http.httptools_impl.RequestResponseCycle object at 0x000001A...
                 │    │   └ {'type': 'http', 'asgi': {'version': '3.0', 'spec_version': '2.3'}, 'http_version': '1.1', 'server': ('127.0.0.1', 8005), 'cl...
                 │    └ <fastapi.applications.FastAPI object at 0x000001A46D220E50>
                 └ <uvicorn.middleware.proxy_headers.ProxyHeadersMiddleware object at 0x000001A4451DCF10>
  File "C:\Users\vinit\ModelTesting\.venv\Lib\site-packages\fastapi\applications.py", line 1106, in __call__
    await super().__call__(scope, receive, send)
                           │      │        └ <bound method RequestResponseCycle.send of <uvicorn.protocols.http.httptools_impl.RequestResponseCycle object at 0x000001A46D...
                           │      └ <bound method RequestResponseCycle.receive of <uvicorn.protocols.http.httptools_impl.RequestResponseCycle object at 0x000001A...
                           └ {'type': 'http', 'asgi': {'version': '3.0', 'spec_version': '2.3'}, 'http_version': '1.1', 'server': ('127.0.0.1', 8005), 'cl...
  File "C:\Users\vinit\ModelTesting\.venv\Lib\site-packages\starlette\applications.py", line 122, in __call__
    await self.middleware_stack(scope, receive, send)
          │    │                │      │        └ <bound method RequestResponseCycle.send of <uvicorn.protocols.http.httptools_impl.RequestResponseCycle object at 0x000001A46D...
          │    │                │      └ <bound method RequestResponseCycle.receive of <uvicorn.protocols.http.httptools_impl.RequestResponseCycle object at 0x000001A...
          │    │                └ {'type': 'http', 'asgi': {'version': '3.0', 'spec_version': '2.3'}, 'http_version': '1.1', 'server': ('127.0.0.1', 8005), 'cl...
          │    └ <starlette.middleware.errors.ServerErrorMiddleware object at 0x000001A46D220C50>
          └ <fastapi.applications.FastAPI object at 0x000001A46D220E50>
  File "C:\Users\vinit\ModelTesting\.venv\Lib\site-packages\starlette\middleware\errors.py", line 162, in __call__
    await self.app(scope, receive, _send)
          │    │   │      │        └ <function ServerErrorMiddleware.__call__.<locals>._send at 0x000001A46D285620>
          │    │   │      └ <bound method RequestResponseCycle.receive of <uvicorn.protocols.http.httptools_impl.RequestResponseCycle object at 0x000001A...
          │    │   └ {'type': 'http', 'asgi': {'version': '3.0', 'spec_version': '2.3'}, 'http_version': '1.1', 'server': ('127.0.0.1', 8005), 'cl...
          │    └ <starlette.middleware.cors.CORSMiddleware object at 0x000001A46D212050>
          └ <starlette.middleware.errors.ServerErrorMiddleware object at 0x000001A46D220C50>
  File "C:\Users\vinit\ModelTesting\.venv\Lib\site-packages\starlette\middleware\cors.py", line 91, in __call__
    await self.simple_response(scope, receive, send, request_headers=headers)
          │    │               │      │        │                     └ Headers({'host': 'localhost:8005', 'connection': 'keep-alive', 'content-length': '170', 'sec-ch-ua-platform': '"Windows"', 'u...
          │    │               │      │        └ <function ServerErrorMiddleware.__call__.<locals>._send at 0x000001A46D285620>
          │    │               │      └ <bound method RequestResponseCycle.receive of <uvicorn.protocols.http.httptools_impl.RequestResponseCycle object at 0x000001A...
          │    │               └ {'type': 'http', 'asgi': {'version': '3.0', 'spec_version': '2.3'}, 'http_version': '1.1', 'server': ('127.0.0.1', 8005), 'cl...
          │    └ <function CORSMiddleware.simple_response at 0x000001A4472704A0>
          └ <starlette.middleware.cors.CORSMiddleware object at 0x000001A46D212050>
  File "C:\Users\vinit\ModelTesting\.venv\Lib\site-packages\starlette\middleware\cors.py", line 146, in simple_response
    await self.app(scope, receive, send)
          │    │   │      │        └ functools.partial(<bound method CORSMiddleware.send of <starlette.middleware.cors.CORSMiddleware object at 0x000001A46D212050...
          │    │   │      └ <bound method RequestResponseCycle.receive of <uvicorn.protocols.http.httptools_impl.RequestResponseCycle object at 0x000001A...
          │    │   └ {'type': 'http', 'asgi': {'version': '3.0', 'spec_version': '2.3'}, 'http_version': '1.1', 'server': ('127.0.0.1', 8005), 'cl...
          │    └ <starlette.middleware.exceptions.ExceptionMiddleware object at 0x000001A46D212650>
          └ <starlette.middleware.cors.CORSMiddleware object at 0x000001A46D212050>
  File "C:\Users\vinit\ModelTesting\.venv\Lib\site-packages\starlette\middleware\exceptions.py", line 68, in __call__
    await self.app(scope, receive, sender)
          │    │   │      │        └ <function ExceptionMiddleware.__call__.<locals>.sender at 0x000001A46D285580>
          │    │   │      └ <bound method RequestResponseCycle.receive of <uvicorn.protocols.http.httptools_impl.RequestResponseCycle object at 0x000001A...
          │    │   └ {'type': 'http', 'asgi': {'version': '3.0', 'spec_version': '2.3'}, 'http_version': '1.1', 'server': ('127.0.0.1', 8005), 'cl...
          │    └ <fastapi.middleware.asyncexitstack.AsyncExitStackMiddleware object at 0x000001A46B31AE50>
          └ <starlette.middleware.exceptions.ExceptionMiddleware object at 0x000001A46D212650>
  File "C:\Users\vinit\ModelTesting\.venv\Lib\site-packages\fastapi\middleware\asyncexitstack.py", line 17, in __call__
    await self.app(scope, receive, send)
          │    │   │      │        └ <function ExceptionMiddleware.__call__.<locals>.sender at 0x000001A46D285580>
          │    │   │      └ <bound method RequestResponseCycle.receive of <uvicorn.protocols.http.httptools_impl.RequestResponseCycle object at 0x000001A...
          │    │   └ {'type': 'http', 'asgi': {'version': '3.0', 'spec_version': '2.3'}, 'http_version': '1.1', 'server': ('127.0.0.1', 8005), 'cl...
          │    └ <fastapi.routing.APIRouter object at 0x000001A4428F43D0>
          └ <fastapi.middleware.asyncexitstack.AsyncExitStackMiddleware object at 0x000001A46B31AE50>
  File "C:\Users\vinit\ModelTesting\.venv\Lib\site-packages\starlette\routing.py", line 718, in __call__
    await route.handle(scope, receive, send)
          │     │      │      │        └ <function ExceptionMiddleware.__call__.<locals>.sender at 0x000001A46D285580>
          │     │      │      └ <bound method RequestResponseCycle.receive of <uvicorn.protocols.http.httptools_impl.RequestResponseCycle object at 0x000001A...
          │     │      └ {'type': 'http', 'asgi': {'version': '3.0', 'spec_version': '2.3'}, 'http_version': '1.1', 'server': ('127.0.0.1', 8005), 'cl...
          │     └ <function Route.handle at 0x000001A4471D84A0>
          └ APIRoute(path='/api/execute', name='debug_execute_flow', methods=['POST'])
  File "C:\Users\vinit\ModelTesting\.venv\Lib\site-packages\starlette\routing.py", line 276, in handle
    await self.app(scope, receive, send)
          │    │   │      │        └ <function ExceptionMiddleware.__call__.<locals>.sender at 0x000001A46D285580>
          │    │   │      └ <bound method RequestResponseCycle.receive of <uvicorn.protocols.http.httptools_impl.RequestResponseCycle object at 0x000001A...
          │    │   └ {'type': 'http', 'asgi': {'version': '3.0', 'spec_version': '2.3'}, 'http_version': '1.1', 'server': ('127.0.0.1', 8005), 'cl...
          │    └ <function request_response.<locals>.app at 0x000001A46D286DE0>
          └ APIRoute(path='/api/execute', name='debug_execute_flow', methods=['POST'])
  File "C:\Users\vinit\ModelTesting\.venv\Lib\site-packages\starlette\routing.py", line 66, in app
    response = await func(request)
                     │    └ <starlette.requests.Request object at 0x000001A46D262510>
                     └ <function get_request_handler.<locals>.app at 0x000001A46D286D40>
  File "C:\Users\vinit\ModelTesting\.venv\Lib\site-packages\fastapi\routing.py", line 274, in app
    raw_response = await run_endpoint_function(
                         └ <function run_endpoint_function at 0x000001A4471A2520>
  File "C:\Users\vinit\ModelTesting\.venv\Lib\site-packages\fastapi\routing.py", line 191, in run_endpoint_function
    return await dependant.call(**values)
                 │         │      └ {'request': DebugExecuteRequest(sectionId='SEC_0f962e4d-a932-4958-9352-b54e0ef92be5', applicationId='Appl_123', applicantId='...
                 │         └ <function debug_execute_flow at 0x000001A46D285E40>
                 └ <fastapi.dependencies.models.Dependant object at 0x000001A46D2A9250>

> File "C:\Users\vinit\ModelTesting\flow_engine_project\debugUI\backend\app.py", line 285, in debug_execute_flow
    execution_id = await db_manager.save_execution(
                         │          └ <function DatabaseManager.save_execution at 0x000001A46D1F4360>
                         └ <database.DatabaseManager object at 0x000001A46C173B10>

  File "C:\Users\vinit\ModelTesting\flow_engine_project\debugUI\backend\database.py", line 91, in save_execution
    json.dumps(response, cls=DateTimeEncoder),
    │    │     │             └ <class 'database.DateTimeEncoder'>
    │    │     └ {'sectionId': 'SEC_0f962e4d-a932-4958-9352-b54e0ef92be5', 'question': {'questionId': 'Q_AD_First_Name'}, 'nextSectionId': Non...
    │    └ <function dumps at 0x000001A444E97100>
    └ <module 'json' from 'C:\\Program Files\\Python311\\Lib\\json\\__init__.py'>

  File "C:\Program Files\Python311\Lib\json\__init__.py", line 238, in dumps
    **kw).encode(obj)
      │          └ {'sectionId': 'SEC_0f962e4d-a932-4958-9352-b54e0ef92be5', 'question': {'questionId': 'Q_AD_First_Name'}, 'nextSectionId': Non...
      └ {}
  File "C:\Program Files\Python311\Lib\json\encoder.py", line 200, in encode
    chunks = self.iterencode(o, _one_shot=True)
             │    │          └ {'sectionId': 'SEC_0f962e4d-a932-4958-9352-b54e0ef92be5', 'question': {'questionId': 'Q_AD_First_Name'}, 'nextSectionId': Non...
             │    └ <function JSONEncoder.iterencode at 0x000001A444E97740>
             └ <database.DateTimeEncoder object at 0x000001A46C1A6E50>
  File "C:\Program Files\Python311\Lib\json\encoder.py", line 258, in iterencode
    return _iterencode(o, 0)
           │           └ {'sectionId': 'SEC_0f962e4d-a932-4958-9352-b54e0ef92be5', 'question': {'questionId': 'Q_AD_First_Name'}, 'nextSectionId': Non...
           └ <_json.Encoder object at 0x000001A46D2BCE80>

  File "C:\Users\vinit\ModelTesting\flow_engine_project\debugUI\backend\database.py", line 19, in default
    return super().default(obj)
                           └ <Node element_id='4:163667f3-0018-494d-a3f3-415ecb90e442:116' labels=frozenset({'Applicant'}) properties={'applicantId': 'App...

  File "C:\Program Files\Python311\Lib\json\encoder.py", line 180, in default
    raise TypeError(f'Object of type {o.__class__.__name__} '

TypeError: Object of type Node is not JSON serializable
2025-06-20 15:34:21.748 | INFO     | app:lifespan:91 - Debug interface shutting down...
